# JRE version: OpenJDK Runtime Environment (11.0.13) (build 11.0.13+0-b1751.21-8125866)
# Java VM: OpenJDK 64-Bit Server VM (11.0.13+0-b1751.21-8125866, mixed mode, tiered, compressed oops, g1 gc, windows-amd64)
Heap:
 garbage-first heap   total 242688K, used 172735K [0x00000000a0000000, 0x0000000100000000)
  region size 1024K, 80 young (81920K), 6 survivors (6144K)
 Metaspace       used 74382K, capacity 77832K, committed 78032K, reserved 1116160K
  class space    used 9468K, capacity 10440K, committed 10496K, reserved 1048576K
GC Heap History (20 events):
Event: 48.638 GC heap before
{Heap before GC invocations=55 (full 0):
 garbage-first heap   total 63488K, used 52066K [0x00000000a0000000, 0x0000000100000000)
  region size 1024K, 3 young (3072K), 1 survivors (1024K)
 Metaspace       used 60097K, capacity 61584K, committed 61776K, reserved 1103872K
  class space    used 7467K, capacity 7984K, committed 8064K, reserved 1048576K
}
Event: 48.649 GC heap after
{Heap after GC invocations=56 (full 0):
 garbage-first heap   total 63488K, used 50136K [0x00000000a0000000, 0x0000000100000000)
  region size 1024K, 1 young (1024K), 1 survivors (1024K)
 Metaspace       used 60097K, capacity 61584K, committed 61776K, reserved 1103872K
  class space    used 7467K, capacity 7984K, committed 8064K, reserved 1048576K
}
Event: 48.835 GC heap before
{Heap before GC invocations=57 (full 0):
 garbage-first heap   total 63488K, used 52184K [0x00000000a0000000, 0x0000000100000000)
  region size 1024K, 3 young (3072K), 1 survivors (1024K)
 Metaspace       used 60221K, capacity 61830K, committed 62032K, reserved 1103872K
  class space    used 7487K, capacity 8021K, committed 8064K, reserved 1048576K
}
Event: 48.836 GC heap after
{Heap after GC invocations=58 (full 0):
 garbage-first heap   total 63488K, used 50210K [0x00000000a0000000, 0x0000000100000000)
  region size 1024K, 1 young (1024K), 1 survivors (1024K)
 Metaspace       used 60221K, capacity 61830K, committed 62032K, reserved 1103872K
  class space    used 7487K, capacity 8021K, committed 8064K, reserved 1048576K
}
Event: 48.904 GC heap before
{Heap before GC invocations=58 (full 0):
 garbage-first heap   total 63488K, used 52258K [0x00000000a0000000, 0x0000000100000000)
  region size 1024K, 3 young (3072K), 1 survivors (1024K)
 Metaspace       used 60298K, capacity 61850K, committed 62032K, reserved 1103872K
  class space    used 7498K, capacity 8028K, committed 8064K, reserved 1048576K
}
Event: 48.912 GC heap after
{Heap after GC invocations=59 (full 0):
 garbage-first heap   total 95232K, used 50396K [0x00000000a0000000, 0x0000000100000000)
  region size 1024K, 1 young (1024K), 1 survivors (1024K)
 Metaspace       used 60298K, capacity 61850K, committed 62032K, reserved 1103872K
  class space    used 7498K, capacity 8028K, committed 8064K, reserved 1048576K
}
Event: 49.140 GC heap before
{Heap before GC invocations=60 (full 0):
 garbage-first heap   total 95232K, used 65756K [0x00000000a0000000, 0x0000000100000000)
  region size 1024K, 16 young (16384K), 1 survivors (1024K)
 Metaspace       used 60487K, capacity 62086K, committed 62288K, reserved 1103872K
  class space    used 7522K, capacity 8044K, committed 8064K, reserved 1048576K
}
Event: 49.149 GC heap after
{Heap after GC invocations=61 (full 0):
 garbage-first heap   total 95232K, used 51798K [0x00000000a0000000, 0x0000000100000000)
  region size 1024K, 2 young (2048K), 2 survivors (2048K)
 Metaspace       used 60487K, capacity 62086K, committed 62288K, reserved 1103872K
  class space    used 7522K, capacity 8044K, committed 8064K, reserved 1048576K
}
Event: 50.275 GC heap before
{Heap before GC invocations=61 (full 0):
 garbage-first heap   total 95232K, used 67158K [0x00000000a0000000, 0x0000000100000000)
  region size 1024K, 17 young (17408K), 2 survivors (2048K)
 Metaspace       used 60705K, capacity 62326K, committed 62544K, reserved 1103872K
  class space    used 7552K, capacity 8062K, committed 8064K, reserved 1048576K
}
Event: 50.415 GC heap after
{Heap after GC invocations=62 (full 0):
 garbage-first heap   total 95232K, used 53489K [0x00000000a0000000, 0x0000000100000000)
  region size 1024K, 3 young (3072K), 3 survivors (3072K)
 Metaspace       used 60705K, capacity 62326K, committed 62544K, reserved 1103872K
  class space    used 7552K, capacity 8062K, committed 8064K, reserved 1048576K
}
Event: 51.393 GC heap before
{Heap before GC invocations=63 (full 0):
 garbage-first heap   total 95232K, used 68849K [0x00000000a0000000, 0x0000000100000000)
  region size 1024K, 18 young (18432K), 3 survivors (3072K)
 Metaspace       used 62174K, capacity 63811K, committed 64080K, reserved 1105920K
  class space    used 7745K, capacity 8302K, committed 8320K, reserved 1048576K
}
Event: 51.398 GC heap after
{Heap after GC invocations=64 (full 0):
 garbage-first heap   total 95232K, used 54653K [0x00000000a0000000, 0x0000000100000000)
  region size 1024K, 3 young (3072K), 3 survivors (3072K)
 Metaspace       used 62174K, capacity 63811K, committed 64080K, reserved 1105920K
  class space    used 7745K, capacity 8302K, committed 8320K, reserved 1048576K
}
Event: 52.619 GC heap before
{Heap before GC invocations=64 (full 0):
 garbage-first heap   total 95232K, used 70013K [0x00000000a0000000, 0x0000000100000000)
  region size 1024K, 19 young (19456K), 3 survivors (3072K)
 Metaspace       used 64462K, capacity 66183K, committed 66384K, reserved 1107968K
  class space    used 8164K, capacity 8772K, committed 8832K, reserved 1048576K
}
Event: 52.629 GC heap after
{Heap after GC invocations=65 (full 0):
 garbage-first heap   total 242688K, used 55507K [0x00000000a0000000, 0x0000000100000000)
  region size 1024K, 2 young (2048K), 2 survivors (2048K)
 Metaspace       used 64462K, capacity 66183K, committed 66384K, reserved 1107968K
  class space    used 8164K, capacity 8772K, committed 8832K, reserved 1048576K
}
Event: 55.688 GC heap before
{Heap before GC invocations=66 (full 0):
 garbage-first heap   total 242688K, used 122067K [0x00000000a0000000, 0x0000000100000000)
  region size 1024K, 67 young (68608K), 2 survivors (2048K)
 Metaspace       used 67417K, capacity 69308K, committed 69584K, reserved 1110016K
  class space    used 8656K, capacity 9356K, committed 9472K, reserved 1048576K
}
Event: 55.704 GC heap after
{Heap after GC invocations=67 (full 0):
 garbage-first heap   total 242688K, used 61239K [0x00000000a0000000, 0x0000000100000000)
  region size 1024K, 8 young (8192K), 8 survivors (8192K)
 Metaspace       used 67417K, capacity 69308K, committed 69584K, reserved 1110016K
  class space    used 8656K, capacity 9356K, committed 9472K, reserved 1048576K
}
Event: 61.619 GC heap before
{Heap before GC invocations=67 (full 0):
 garbage-first heap   total 242688K, used 141111K [0x00000000a0000000, 0x0000000100000000)
  region size 1024K, 87 young (89088K), 8 survivors (8192K)
 Metaspace       used 70478K, capacity 72962K, committed 73296K, reserved 1112064K
  class space    used 9005K, capacity 9777K, committed 9856K, reserved 1048576K
}
Event: 61.900 GC heap after
{Heap after GC invocations=68 (full 0):
 garbage-first heap   total 242688K, used 76592K [0x00000000a0000000, 0x0000000100000000)
  region size 1024K, 11 young (11264K), 11 survivors (11264K)
 Metaspace       used 70478K, capacity 72962K, committed 73296K, reserved 1112064K
  class space    used 9005K, capacity 9777K, committed 9856K, reserved 1048576K
}
Event: 76.752 GC heap before
{Heap before GC invocations=68 (full 0):
 garbage-first heap   total 242688K, used 163632K [0x00000000a0000000, 0x0000000100000000)
  region size 1024K, 92 young (94208K), 11 survivors (11264K)
 Metaspace       used 73054K, capacity 76092K, committed 76240K, reserved 1116160K
  class space    used 9312K, capacity 10203K, committed 10240K, reserved 1048576K
}
Event: 76.952 GC heap after
{Heap after GC invocations=69 (full 0):
 garbage-first heap   total 242688K, used 90815K [0x00000000a0000000, 0x0000000100000000)
  region size 1024K, 10 young (10240K), 10 survivors (10240K)
 Metaspace       used 73054K, capacity 76092K, committed 76240K, reserved 1116160K
  class space    used 9312K, capacity 10203K, committed 10240K, reserved 1048576K
}

